2023-05-21 20:58:58.4457|INFO|CameraPlugin|SetLoggerAsync|line 886: Starting CameraPlugin 1.786.137.0
2023-05-21 20:58:58.5126|INFO|CameraPlugin|LogAllUserOptions|line 1126: Plugin CameraPlugin 1.786.137.0 options: IsShowDebugWindow: False, PluginName: CameraPlugin, Passthrough: , InputNameChange: , OutputNameChange: , DisableTelemetry: False, PubPort: 5678, MasterNumOfFramesToReq: 30, OutputTypes: , Master: False, FrameWidth: 640, ResizeImage: True, IpAddress: 127.0.0.1, IsDisableAutoFocus: False, InputTypes: , SubPort: 1234, PluginsToCloseAfter: , PauseMode: False, KeepAlivePort: 2468, RegistrationAckTimeout: 1, WaitingMode: True, RegistrationRetries: 6, FrameHeight: 480
2023-05-21 20:58:58.5688|INFO|CameraPlugin|OnInit|line 120: Waiting for LoadRequest message
2023-05-21 20:58:58.5688|INFO|CameraPlugin|Start|line 109: CameraPlugin init Done!
2023-05-21 20:59:38.4488|INFO|CameraPlugin|PluginLogic|line 166: PlayerStop message received
2023-05-21 20:59:38.4575|INFO|CameraPlugin|PluginLogic|line 187: LoadRequest message received
2023-05-21 20:59:38.4575|INFO|CameraPlugin|GetVideoCapture|line 39: Loading video File C:/results/Experiments/WOALOLTestSetP0/ApproachLeave_2c311_User90_EmptyStaticBackground_Lighted_Cloudy_110_2023-01-09_14-28-01.mp4
2023-05-21 20:59:38.9401|INFO|CameraPlugin|PluginLogic|line 153: GetTotalVideoFrames message received
2023-05-21 20:59:38.9401|INFO|CameraPlugin|Log|line 154: Start reading from video stream
2023-05-21 20:59:38.9401|INFO|CameraPlugin|PluginLogic|line 213: Running with FPS 11
2023-05-21 20:59:38.9401|INFO|CameraPlugin|PluginLogic|line 204: GetCurrentFrame message received
2023-05-21 20:59:39.3380|INFO|CameraPlugin|PluginLogic|line 183: PlayerSetFrame to frame 0 message received
2023-05-21 20:59:39.3380|INFO|CameraPlugin|PluginLogic|line 204: GetCurrentFrame message received
2023-05-21 20:59:56.3187|INFO|CameraPlugin|PluginLogic|line 149: PlayerPlay message received
2023-05-21 21:00:03.0233|INFO|CameraPlugin|PluginLogic|line 178: PlayerPause message received
2023-05-21 21:00:03.1468|INFO|CameraPlugin|PluginLogic|line 183: PlayerSetFrame to frame 74 message received
2023-05-21 21:00:03.9476|INFO|CameraPlugin|PluginLogic|line 204: GetCurrentFrame message received
2023-05-21 21:00:04.1852|INFO|CameraPlugin|PluginLogic|line 178: PlayerPause message received
2023-05-21 21:00:04.2170|INFO|CameraPlugin|PluginLogic|line 178: PlayerPause message received
2023-05-21 21:00:04.7209|INFO|CameraPlugin|PluginLogic|line 183: PlayerSetFrame to frame 76 message received
2023-05-21 21:00:05.9324|INFO|CameraPlugin|PluginLogic|line 204: GetCurrentFrame message received
2023-05-21 21:00:06.3319|INFO|CameraPlugin|PluginLogic|line 183: PlayerSetFrame to frame 80 message received
2023-05-21 21:00:06.8199|INFO|CameraPlugin|PluginLogic|line 204: GetCurrentFrame message received
2023-05-21 21:00:07.1654|INFO|CameraPlugin|PluginLogic|line 183: PlayerSetFrame to frame 83 message received
2023-05-21 21:00:07.5397|INFO|CameraPlugin|PluginLogic|line 204: GetCurrentFrame message received
2023-05-21 21:00:07.7595|INFO|CameraPlugin|PluginLogic|line 183: PlayerSetFrame to frame 87 message received
2023-05-21 21:00:08.7908|INFO|CameraPlugin|PluginLogic|line 204: GetCurrentFrame message received
2023-05-21 21:00:09.1115|INFO|CameraPlugin|PluginLogic|line 183: PlayerSetFrame to frame 91 message received
2023-05-21 21:00:09.8961|INFO|CameraPlugin|PluginLogic|line 204: GetCurrentFrame message received
2023-05-21 21:00:10.1950|INFO|CameraPlugin|PluginLogic|line 183: PlayerSetFrame to frame 94 message received
2023-05-21 21:00:11.0940|INFO|CameraPlugin|PluginLogic|line 204: GetCurrentFrame message received
2023-05-21 21:00:11.4145|INFO|CameraPlugin|PluginLogic|line 183: PlayerSetFrame to frame 98 message received
2023-05-21 21:00:12.3073|INFO|CameraPlugin|PluginLogic|line 204: GetCurrentFrame message received
2023-05-21 21:00:12.5688|INFO|CameraPlugin|PluginLogic|line 183: PlayerSetFrame to frame 102 message received
2023-05-21 21:00:13.5789|INFO|CameraPlugin|PluginLogic|line 204: GetCurrentFrame message received
2023-05-21 21:00:13.8114|INFO|CameraPlugin|PluginLogic|line 183: PlayerSetFrame to frame 105 message received
2023-05-21 21:00:14.8368|INFO|CameraPlugin|PluginLogic|line 204: GetCurrentFrame message received
2023-05-21 21:00:15.0996|INFO|CameraPlugin|PluginLogic|line 183: PlayerSetFrame to frame 109 message received
2023-05-21 21:00:15.7529|INFO|CameraPlugin|PluginLogic|line 204: GetCurrentFrame message received
2023-05-21 21:00:16.2729|INFO|CameraPlugin|PluginLogic|line 183: PlayerSetFrame to frame 113 message received
2023-05-21 21:00:16.7650|INFO|CameraPlugin|PluginLogic|line 204: GetCurrentFrame message received
2023-05-21 21:00:17.1554|INFO|CameraPlugin|PluginLogic|line 183: PlayerSetFrame to frame 116 message received
2023-05-21 21:00:17.6363|INFO|CameraPlugin|PluginLogic|line 204: GetCurrentFrame message received
2023-05-21 21:00:17.9626|INFO|CameraPlugin|PluginLogic|line 183: PlayerSetFrame to frame 120 message received
2023-05-21 21:00:18.6902|INFO|CameraPlugin|PluginLogic|line 204: GetCurrentFrame message received
2023-05-21 21:00:18.9665|INFO|CameraPlugin|PluginLogic|line 183: PlayerSetFrame to frame 124 message received
2023-05-21 21:00:19.9892|INFO|CameraPlugin|PluginLogic|line 204: GetCurrentFrame message received
2023-05-21 21:00:20.3397|INFO|CameraPlugin|PluginLogic|line 183: PlayerSetFrame to frame 127 message received
2023-05-21 21:00:21.2168|INFO|CameraPlugin|PluginLogic|line 204: GetCurrentFrame message received
2023-05-21 21:00:21.5032|INFO|CameraPlugin|PluginLogic|line 183: PlayerSetFrame to frame 131 message received
2023-05-21 21:00:22.7686|INFO|CameraPlugin|PluginLogic|line 204: GetCurrentFrame message received
2023-05-21 21:00:22.9440|INFO|CameraPlugin|PluginLogic|line 183: PlayerSetFrame to frame 135 message received
2023-05-21 21:00:24.7928|INFO|CameraPlugin|PluginLogic|line 204: GetCurrentFrame message received
2023-05-21 21:00:25.0935|INFO|CameraPlugin|PluginLogic|line 183: PlayerSetFrame to frame 138 message received
2023-05-21 21:00:25.5642|INFO|CameraPlugin|PluginLogic|line 204: GetCurrentFrame message received
2023-05-21 21:00:26.0004|INFO|CameraPlugin|PluginLogic|line 183: PlayerSetFrame to frame 142 message received
2023-05-21 21:00:26.8814|INFO|CameraPlugin|PluginLogic|line 204: GetCurrentFrame message received
2023-05-21 21:00:27.0992|INFO|CameraPlugin|PluginLogic|line 183: PlayerSetFrame to frame 146 message received
2023-05-21 21:00:28.3178|INFO|CameraPlugin|PluginLogic|line 204: GetCurrentFrame message received
2023-05-21 21:00:28.5855|INFO|CameraPlugin|PluginLogic|line 183: PlayerSetFrame to frame 149 message received
2023-05-21 21:00:29.7441|INFO|CameraPlugin|PluginLogic|line 204: GetCurrentFrame message received
2023-05-21 21:00:30.1951|INFO|CameraPlugin|PluginLogic|line 183: PlayerSetFrame to frame 153 message received
2023-05-21 21:00:31.6600|INFO|CameraPlugin|PluginLogic|line 204: GetCurrentFrame message received
2023-05-21 21:00:31.9333|INFO|CameraPlugin|PluginLogic|line 183: PlayerSetFrame to frame 157 message received
2023-05-21 21:00:33.4878|INFO|CameraPlugin|PluginLogic|line 204: GetCurrentFrame message received
2023-05-21 21:00:33.5116|INFO|CameraPlugin|PluginLogic|line 178: PlayerPause message received
2023-05-21 21:00:33.5116|INFO|CameraPlugin|PluginLogic|line 178: PlayerPause message received
2023-05-21 21:00:34.1796|INFO|CameraPlugin|PluginLogic|line 183: PlayerSetFrame to frame 153 message received
2023-05-21 21:00:35.3075|INFO|CameraPlugin|PluginLogic|line 204: GetCurrentFrame message received
2023-05-21 21:00:35.4728|INFO|CameraPlugin|PluginLogic|line 149: PlayerPlay message received
2023-05-21 21:00:37.5331|INFO|CameraPlugin|PluginLogic|line 178: PlayerPause message received
2023-05-21 21:00:37.6422|INFO|CameraPlugin|PluginLogic|line 178: PlayerPause message received
2023-05-21 21:00:39.7448|INFO|CameraPlugin|PluginLogic|line 183: PlayerSetFrame to frame 171 message received
2023-05-21 21:00:40.4549|INFO|CameraPlugin|PluginLogic|line 204: GetCurrentFrame message received
2023-05-21 21:00:40.7575|INFO|CameraPlugin|PluginLogic|line 183: PlayerSetFrame to frame 175 message received
2023-05-21 21:00:41.6302|INFO|CameraPlugin|PluginLogic|line 204: GetCurrentFrame message received
2023-05-21 21:00:41.8301|INFO|CameraPlugin|PluginLogic|line 183: PlayerSetFrame to frame 179 message received
2023-05-21 21:00:42.5468|INFO|CameraPlugin|PluginLogic|line 204: GetCurrentFrame message received
2023-05-21 21:00:42.8922|INFO|CameraPlugin|PluginLogic|line 183: PlayerSetFrame to frame 182 message received
2023-05-21 21:00:43.8084|INFO|CameraPlugin|PluginLogic|line 204: GetCurrentFrame message received
2023-05-21 21:00:44.1248|INFO|CameraPlugin|PluginLogic|line 183: PlayerSetFrame to frame 186 message received
2023-05-21 21:00:45.1667|INFO|CameraPlugin|PluginLogic|line 204: GetCurrentFrame message received
2023-05-21 21:00:45.5448|INFO|CameraPlugin|PluginLogic|line 183: PlayerSetFrame to frame 190 message received
2023-05-21 21:00:46.5414|INFO|CameraPlugin|PluginLogic|line 204: GetCurrentFrame message received
2023-05-21 21:00:47.0003|INFO|CameraPlugin|PluginLogic|line 183: PlayerSetFrame to frame 193 message received
2023-05-21 21:00:48.1021|INFO|CameraPlugin|PluginLogic|line 204: GetCurrentFrame message received
2023-05-21 21:00:48.4029|INFO|CameraPlugin|PluginLogic|line 183: PlayerSetFrame to frame 197 message received
2023-05-21 21:00:48.9877|INFO|CameraPlugin|PluginLogic|line 204: GetCurrentFrame message received
2023-05-21 21:00:49.4008|INFO|CameraPlugin|PluginLogic|line 183: PlayerSetFrame to frame 201 message received
2023-05-21 21:00:50.0571|INFO|CameraPlugin|PluginLogic|line 204: GetCurrentFrame message received
2023-05-21 21:00:50.2379|INFO|CameraPlugin|PluginLogic|line 183: PlayerSetFrame to frame 204 message received
2023-05-21 21:00:51.0004|INFO|CameraPlugin|PluginLogic|line 204: GetCurrentFrame message received
2023-05-21 21:00:51.3120|INFO|CameraPlugin|PluginLogic|line 183: PlayerSetFrame to frame 208 message received
2023-05-21 21:00:52.2444|INFO|CameraPlugin|PluginLogic|line 204: GetCurrentFrame message received
2023-05-21 21:00:53.1564|INFO|CameraPlugin|PluginLogic|line 183: PlayerSetFrame to frame 212 message received
2023-05-21 21:00:54.4688|INFO|CameraPlugin|PluginLogic|line 204: GetCurrentFrame message received
2023-05-21 21:00:54.7886|INFO|CameraPlugin|PluginLogic|line 183: PlayerSetFrame to frame 215 message received
2023-05-21 21:00:55.7305|INFO|CameraPlugin|PluginLogic|line 204: GetCurrentFrame message received
2023-05-21 21:00:56.0259|INFO|CameraPlugin|PluginLogic|line 183: PlayerSetFrame to frame 219 message received
2023-05-21 21:00:57.5121|INFO|CameraPlugin|PluginLogic|line 204: GetCurrentFrame message received
2023-05-21 21:00:57.8712|INFO|CameraPlugin|PluginLogic|line 183: PlayerSetFrame to frame 223 message received
2023-05-21 21:00:58.9345|INFO|CameraPlugin|PluginLogic|line 204: GetCurrentFrame message received
2023-05-21 21:00:59.1304|INFO|CameraPlugin|PluginLogic|line 183: PlayerSetFrame to frame 226 message received
2023-05-21 21:01:00.5311|INFO|CameraPlugin|PluginLogic|line 204: GetCurrentFrame message received
2023-05-21 21:01:00.8649|INFO|CameraPlugin|PluginLogic|line 183: PlayerSetFrame to frame 230 message received
2023-05-21 21:01:01.7072|INFO|CameraPlugin|PluginLogic|line 204: GetCurrentFrame message received
2023-05-21 21:01:02.1299|INFO|CameraPlugin|PluginLogic|line 183: PlayerSetFrame to frame 234 message received
2023-05-21 21:01:03.0163|INFO|CameraPlugin|PluginLogic|line 204: GetCurrentFrame message received
2023-05-21 21:01:03.2572|INFO|CameraPlugin|PluginLogic|line 178: PlayerPause message received
2023-05-21 21:01:03.2572|INFO|CameraPlugin|PluginLogic|line 178: PlayerPause message received
2023-05-21 21:01:14.8169|INFO|CameraPlugin|PluginLogic|line 183: PlayerSetFrame to frame 237 message received
2023-05-21 21:01:15.3061|INFO|CameraPlugin|PluginLogic|line 204: GetCurrentFrame message received
2023-05-21 21:01:15.5532|INFO|CameraPlugin|PluginLogic|line 183: PlayerSetFrame to frame 241 message received
2023-05-21 21:01:16.7130|INFO|CameraPlugin|PluginLogic|line 204: GetCurrentFrame message received
2023-05-21 21:01:17.0974|INFO|CameraPlugin|PluginLogic|line 183: PlayerSetFrame to frame 245 message received
2023-05-21 21:01:18.1335|INFO|CameraPlugin|PluginLogic|line 204: GetCurrentFrame message received
2023-05-21 21:01:18.3886|INFO|CameraPlugin|PluginLogic|line 183: PlayerSetFrame to frame 248 message received
2023-05-21 21:01:19.5852|INFO|CameraPlugin|PluginLogic|line 204: GetCurrentFrame message received
2023-05-21 21:01:19.6164|INFO|CameraPlugin|PluginLogic|line 178: PlayerPause message received
2023-05-21 21:01:19.6164|INFO|CameraPlugin|PluginLogic|line 178: PlayerPause message received
2023-05-21 21:01:25.6158|INFO|CameraPlugin|PluginLogic|line 183: PlayerSetFrame to frame 248 message received
2023-05-21 21:01:26.3960|INFO|CameraPlugin|PluginLogic|line 204: GetCurrentFrame message received
2023-05-21 21:01:26.6561|INFO|CameraPlugin|PluginLogic|line 183: PlayerSetFrame to frame 252 message received
2023-05-21 21:01:27.6907|INFO|CameraPlugin|PluginLogic|line 204: GetCurrentFrame message received
2023-05-21 21:01:27.8763|INFO|CameraPlugin|PluginLogic|line 183: PlayerSetFrame to frame 256 message received
2023-05-21 21:01:28.6481|INFO|CameraPlugin|PluginLogic|line 204: GetCurrentFrame message received
2023-05-21 21:01:28.9194|INFO|CameraPlugin|PluginLogic|line 183: PlayerSetFrame to frame 259 message received
2023-05-21 21:01:29.3463|INFO|CameraPlugin|PluginLogic|line 204: GetCurrentFrame message received
2023-05-21 21:01:29.5535|INFO|CameraPlugin|PluginLogic|line 178: PlayerPause message received
2023-05-21 21:01:29.8016|INFO|CameraPlugin|PluginLogic|line 183: PlayerSetFrame to frame 263 message received
2023-05-21 21:01:30.5691|INFO|CameraPlugin|PluginLogic|line 204: GetCurrentFrame message received
2023-05-21 21:01:30.8268|INFO|CameraPlugin|PluginLogic|line 178: PlayerPause message received
2023-05-21 21:01:30.8268|INFO|CameraPlugin|PluginLogic|line 178: PlayerPause message received
2023-05-21 21:01:30.9860|INFO|CameraPlugin|PluginLogic|line 183: PlayerSetFrame to frame 259 message received
2023-05-21 21:01:31.3609|INFO|CameraPlugin|PluginLogic|line 204: GetCurrentFrame message received
2023-05-21 21:01:40.1492|INFO|CameraPlugin|PluginLogic|line 183: PlayerSetFrame to frame 263 message received
2023-05-21 21:01:40.5018|INFO|CameraPlugin|PluginLogic|line 204: GetCurrentFrame message received
2023-05-21 21:01:40.7429|INFO|CameraPlugin|PluginLogic|line 183: PlayerSetFrame to frame 267 message received
2023-05-21 21:01:41.5111|INFO|CameraPlugin|PluginLogic|line 204: GetCurrentFrame message received
2023-05-21 21:01:41.6737|INFO|CameraPlugin|PluginLogic|line 183: PlayerSetFrame to frame 270 message received
2023-05-21 21:01:42.3721|INFO|CameraPlugin|PluginLogic|line 204: GetCurrentFrame message received
2023-05-21 21:01:42.5941|INFO|CameraPlugin|PluginLogic|line 183: PlayerSetFrame to frame 274 message received
2023-05-21 21:01:43.5030|INFO|CameraPlugin|PluginLogic|line 204: GetCurrentFrame message received
2023-05-21 21:01:43.7000|INFO|CameraPlugin|PluginLogic|line 183: PlayerSetFrame to frame 278 message received
2023-05-21 21:01:44.6844|INFO|CameraPlugin|PluginLogic|line 204: GetCurrentFrame message received
2023-05-21 21:01:45.0672|INFO|CameraPlugin|PluginLogic|line 183: PlayerSetFrame to frame 281 message received
2023-05-21 21:01:46.1868|INFO|CameraPlugin|PluginLogic|line 204: GetCurrentFrame message received
2023-05-21 21:01:46.4597|INFO|CameraPlugin|PluginLogic|line 183: PlayerSetFrame to frame 285 message received
2023-05-21 21:01:47.7000|INFO|CameraPlugin|PluginLogic|line 204: GetCurrentFrame message received
2023-05-21 21:01:48.0052|INFO|CameraPlugin|PluginLogic|line 183: PlayerSetFrame to frame 289 message received
2023-05-21 21:01:48.5540|INFO|CameraPlugin|PluginLogic|line 204: GetCurrentFrame message received
2023-05-21 21:01:48.8275|INFO|CameraPlugin|PluginLogic|line 183: PlayerSetFrame to frame 292 message received
2023-05-21 21:01:49.4383|INFO|CameraPlugin|PluginLogic|line 204: GetCurrentFrame message received
2023-05-21 21:01:49.6710|INFO|CameraPlugin|PluginLogic|line 178: PlayerPause message received
2023-05-21 21:01:49.7251|INFO|CameraPlugin|PluginLogic|line 178: PlayerPause message received
2023-05-21 21:02:20.2614|INFO|CameraPlugin|PluginLogic|line 166: PlayerStop message received
2023-05-21 21:02:20.3618|INFO|CameraPlugin|PluginLogic|line 187: LoadRequest message received
2023-05-21 21:02:20.3618|INFO|CameraPlugin|GetVideoCapture|line 39: Loading video File C:\results\Experiments\WOALOLTestSetP0\ApproachLeave_2c311_User90_EmptyStaticBackground_Lighted_Cloudy_110_2023-01-09_14-28-01.mp4
2023-05-21 21:02:20.7809|INFO|CameraPlugin|Log|line 154: Start reading from video stream
2023-05-21 21:02:20.7809|INFO|CameraPlugin|PluginLogic|line 153: GetTotalVideoFrames message received
2023-05-21 21:02:20.7809|INFO|CameraPlugin|PluginLogic|line 213: Running with FPS 11
2023-05-21 21:02:21.3098|INFO|CameraPlugin|PluginLogic|line 183: PlayerSetFrame to frame 400 message received
2023-05-21 21:02:22.8739|INFO|CameraPlugin|PluginLogic|line 204: GetCurrentFrame message received
2023-05-21 21:02:23.0383|INFO|CameraPlugin|PluginLogic|line 183: PlayerSetFrame to frame 399 message received
2023-05-21 21:02:24.0541|INFO|CameraPlugin|PluginLogic|line 204: GetCurrentFrame message received
2023-05-21 21:02:28.3132|INFO|CameraPlugin|PluginLogic|line 149: PlayerPlay message received
2023-05-21 21:02:43.7022|INFO|CameraPlugin|PluginLogic|line 178: PlayerPause message received
2023-05-21 21:02:43.7928|INFO|CameraPlugin|PluginLogic|line 178: PlayerPause message received
