2023-05-21 20:40:04.0239|INFO|Sigmund|SetLoggerAsync|line 886: Starting Sigmund 
2023-05-21 20:40:04.0598|INFO|Sigmund|BeforeInit|line 91: Going to check if firewall rules are valid
2023-05-21 20:40:04.1034|INFO|Starting Sigmund proxy, IP: 10.60.248.195
2023-05-21 20:40:04.4026|INFO|Sigmund|LogAllUserOptions|line 1126: Plugin Sigmund 1.786.137.0 options: PluginName: Sigmund, RegistrationAckTimeout: 0, KeepAlivePort: 2468, InputTypes: , PluginsToCloseAfter: , DisableTelemetry: False, SubPort: 1234, MasterNumOfFramesToReq: 0, OutputTypes: , PubPort: 5678, Master: False, RegistrationRetries: 0
2023-05-21 20:40:08.9438|INFO|Sigmund|OnInit|line 119: Sigmund network initialize sequence begin
2023-05-21 20:40:08.9438|INFO|Sigmund|Start|line 109: Sigmund init Done!
2023-05-21 20:40:08.9438|INFO|Sigmund|RunProcess|line 55: Routing file path: C:\Tools\Sigmund\PluginSheldonVision\Networks\SheldonVisionUiNetwork.json
2023-05-21 20:40:09.1385|INFO|Sigmund|LaunchStartedEventCalled|line 127: Launch CameraPlugin Plugin Starting
2023-05-21 20:40:11.2553|INFO|Sigmund|RegisterPluginToNetwork|line 89: New plugin name CameraPlugin added to network.
2023-05-21 20:40:11.2737|INFO|Sigmund|LaunchStartedEventCalled|line 127: Launch Azure Blob Storage Plugin Starting
2023-05-21 20:40:12.5969|INFO|Sigmund|RegisterPluginToNetwork|line 89: New plugin name AzureBlobPlugin added to network.
2023-05-21 20:40:12.6116|INFO|Sigmund|LaunchStartedEventCalled|line 127: Launch Sheldon Vision Plugin Starting
2023-05-21 20:40:34.7501|INFO|About to close Sigmund network
2023-05-21 20:40:34.7501|INFO|Sigmund|Stop|line 142: Starting Stop
2023-05-21 20:40:34.7501|INFO|Sigmund|AbortProcess|line 86: AbortProcess called
2023-05-21 20:40:34.8003|INFO|Sigmund|AbortDoneEventCalled|line 135: Abort Done!
2023-05-21 20:40:34.8109|INFO|Sigmund|CloseNetworkSoft|line 191: Soft Close network was called
2023-05-21 20:40:34.8109|INFO|Sigmund|CloseNetworkSoft|line 195: Sending close message to plugin CameraPlugin
2023-05-21 20:40:34.8109|INFO|Sigmund|CloseNetworkSoft|line 195: Sending close message to plugin AzureBlobPlugin
2023-05-21 20:40:34.8109|INFO|Sigmund|CloseNetworkHard|line 218: Hard Close network was called
2023-05-21 20:40:34.8109|INFO|Sigmund|StopPluginNotifyClose|line 191: Sending closing message
2023-05-21 20:40:35.3460|INFO|Sigmund core closed
