2023-05-21 20:38:59.8029|INFO|Sigmund|SetLoggerAsync|line 886: Starting Sigmund 
2023-05-21 20:39:00.4284|INFO|Sigmund|BeforeInit|line 91: Going to check if firewall rules are valid
2023-05-21 20:39:00.6338|INFO|Starting Sigmund proxy, IP: 10.60.248.195
2023-05-21 20:39:00.9713|INFO|Sigmund|LogAllUserOptions|line 1126: Plugin Sigmund 1.786.137.0 options: OutputTypes: , SubPort: 1234, PubPort: 5678, PluginName: Sigmund, MasterNumOfFramesToReq: 0, DisableTelemetry: False, InputTypes: , PluginsToCloseAfter: , RegistrationRetries: 0, Master: False, KeepAlivePort: 2468, RegistrationAckTimeout: 0
2023-05-21 20:39:06.0747|INFO|Sigmund|OnInit|line 119: Sigmund network initialize sequence begin
2023-05-21 20:39:06.0758|INFO|Sigmund|Start|line 109: Sigmund init Done!
2023-05-21 20:39:06.0758|INFO|Sigmund|RunProcess|line 55: Routing file path: C:\Git\Infratools-Sigmund.Plugins\PluginSheldonVision\Networks\SheldonVisionUiNetwork.json
2023-05-21 20:39:06.2169|ERROR|Sigmund|ErrorEventCalled|line 105: C:\Git\Infratools-Sigmund.Plugins\PluginSheldonVision\Networks\SheldonVisionUiNetwork.json: Configuration file path C:\Git\Infratools-Sigmund.Plugins\PluginSheldonVision\Networks\SheldonVisionUiNetwork.json not found
2023-05-21 20:39:06.5261|ERROR|Sigmund|ProcessLauncherOnErrorExtendedEvent|line 111: ProcessInitHandler - got extended exception from ProcessLauncher: System.IO.FileNotFoundException: Configuration file path C:\Git\Infratools-Sigmund.Plugins\PluginSheldonVision\Networks\SheldonVisionUiNetwork.json not found
   at ProcLauncherInfra.ProcessLauncher.AddConfigurations(String configurationFilePath, IsProcessRunningDelegate isProcessRunningDelegate, KillProcessDelegate killProcessDelegate, IsPluginConnectedDelegate isPluginConnectedDelegate, RunCommandDelegate runCommandDelegate)
2023-05-21 20:39:06.5288|FATAL|Sigmund|StartProcessLauncher|line 174: Process launcher failed: Configuration file path C:\Git\Infratools-Sigmund.Plugins\PluginSheldonVision\Networks\SheldonVisionUiNetwork.json not found
2023-05-21 20:39:09.5908|INFO|Sigmund|Stop|line 142: Starting Stop
2023-05-21 20:39:09.5937|INFO|Sigmund|AbortProcess|line 86: AbortProcess called
2023-05-21 20:39:09.5937|INFO|Sigmund|AbortDoneEventCalled|line 135: Abort Done!
2023-05-21 20:39:09.5937|INFO|Sigmund|CloseNetworkSoft|line 191: Soft Close network was called
2023-05-21 20:39:09.5937|INFO|Sigmund|CloseNetworkHard|line 218: Hard Close network was called
2023-05-21 20:39:09.5937|INFO|Sigmund|StopPluginNotifyClose|line 191: Sending closing message
2023-05-21 20:39:09.6194|INFO|About to close Sigmund network
2023-05-21 20:39:09.6194|INFO|Sigmund|Stop|line 142: Starting Stop
2023-05-21 20:39:09.6194|INFO|Sigmund|AbortProcess|line 86: AbortProcess called
2023-05-21 20:39:09.6485|INFO|Sigmund|AbortDoneEventCalled|line 135: Abort Done!
2023-05-21 20:39:09.6485|INFO|Sigmund|StopPluginNotifyClose|line 191: Sending closing message
2023-05-21 20:39:09.6485|INFO|Sigmund core closed
