2023-05-21 20:44:19.3295|INFO|Sigmund|BeforeInit|line 91: Going to check if firewall rules are valid
2023-05-21 20:44:19.3553|INFO|Starting Sigmund proxy, IP: 10.60.248.195
2023-05-21 20:44:19.3142|INFO|Sigmund|SetLoggerAsync|line 886: Starting Sigmund 1.786.137.0
2023-05-21 20:44:19.5644|INFO|Sigmund|LogAllUserOptions|line 1126: Plugin Sigmund 1.786.137.0 options: PluginName: Sigmund, PluginsToCloseAfter: , RegistrationAckTimeout: 0, OutputTypes: , DisableTelemetry: False, PubPort: 5678, Master: False, MasterNumOfFramesToReq: 0, RegistrationRetries: 0, KeepAlivePort: 2468, SubPort: 1234, InputTypes: 
2023-05-21 20:44:23.4350|INFO|Sigmund|OnInit|line 119: Sigmund network initialize sequence begin
2023-05-21 20:44:23.4350|INFO|Sigmund|Start|line 109: Sigmund init Done!
2023-05-21 20:44:23.4350|INFO|Sigmund|RunProcess|line 55: Routing file path: C:\Tools\Sigmund\PluginSheldonVision\Networks\SheldonVisionUiNetwork.json
2023-05-21 20:44:23.5399|INFO|Sigmund|LaunchStartedEventCalled|line 127: Launch CameraPlugin Plugin Starting
2023-05-21 20:44:24.1089|INFO|Sigmund|RegisterPluginToNetwork|line 89: New plugin name CameraPlugin added to network.
2023-05-21 20:44:24.1291|INFO|Sigmund|LaunchStartedEventCalled|line 127: Launch Azure Blob Storage Plugin Starting
2023-05-21 20:44:24.6334|INFO|Sigmund|RegisterPluginToNetwork|line 89: New plugin name AzureBlobPlugin added to network.
2023-05-21 20:44:24.6494|INFO|Sigmund|LaunchStartedEventCalled|line 127: Launch Sheldon Vision Plugin Starting
2023-05-21 20:44:28.8024|INFO|Sigmund|RegisterPluginToNetwork|line 89: New plugin name SheldonVisionUiPlugin added to network.
2023-05-21 20:44:28.8115|INFO|Sigmund|LaunchDoneEventCalled|line 119: Launch Done
2023-05-21 20:44:33.2276|INFO|Sigmund|Stop|line 142: Starting Stop
2023-05-21 20:44:33.2321|INFO|Sigmund|AbortProcess|line 86: AbortProcess called
2023-05-21 20:44:33.2321|INFO|Sigmund|AbortDoneEventCalled|line 135: Abort Done!
2023-05-21 20:44:33.2632|INFO|Sigmund|CloseNetworkSoft|line 191: Soft Close network was called
2023-05-21 20:44:33.2632|INFO|Sigmund|CloseNetworkSoft|line 195: Sending close message to plugin AzureBlobPlugin
2023-05-21 20:44:33.2632|INFO|Sigmund|CloseNetworkSoft|line 195: Sending close message to plugin CameraPlugin
2023-05-21 20:44:33.2632|INFO|Sigmund|CloseNetworkSoft|line 195: Sending close message to plugin SheldonVisionUiPlugin
2023-05-21 20:44:33.2632|INFO|Sigmund|CloseNetworkHard|line 218: Hard Close network was called
2023-05-21 20:44:33.2632|INFO|Sigmund|StopPluginNotifyClose|line 191: Sending closing message
2023-05-21 20:44:33.2632|INFO|Sigmund|Start|line 120: Plugin Sigmund stopped
2023-05-21 20:44:33.2927|INFO|About to close Sigmund network
2023-05-21 20:44:33.2927|INFO|Sigmund|Stop|line 142: Starting Stop
2023-05-21 20:44:33.2927|INFO|Sigmund|AbortProcess|line 86: AbortProcess called
2023-05-21 20:44:33.2949|INFO|Sigmund|AbortDoneEventCalled|line 135: Abort Done!
2023-05-21 20:44:33.2949|INFO|Sigmund|StopPluginNotifyClose|line 191: Sending closing message
2023-05-21 20:44:33.2949|INFO|Sigmund core closed
