2023-05-21 20:45:31.8971|INFO|Sigmund|SetLoggerAsync|line 886: Starting Sigmund 1.786.137.0
2023-05-21 20:45:31.9148|INFO|Sigmund|BeforeInit|line 91: Going to check if firewall rules are valid
2023-05-21 20:45:31.9411|INFO|Starting Sigmund proxy, IP: 10.60.248.195
2023-05-21 20:45:32.1192|INFO|Sigmund|LogAllUserOptions|line 1126: Plugin Sigmund 1.786.137.0 options: MasterNumOfFramesToReq: 0, SubPort: 1234, Master: False, KeepAlivePort: 2468, DisableTelemetry: False, PluginName: Sigmund, OutputTypes: , PubPort: 5678, PluginsToCloseAfter: , RegistrationAckTimeout: 0, InputTypes: , RegistrationRetries: 0
2023-05-21 20:45:35.9348|INFO|Sigmund|OnInit|line 119: Sigmund network initialize sequence begin
2023-05-21 20:45:35.9348|INFO|Sigmund|Start|line 109: Sigmund init Done!
2023-05-21 20:45:35.9348|INFO|Sigmund|RunProcess|line 55: Routing file path: C:\Tools\Sigmund\PluginSheldonVision\Networks\SheldonVisionUiNetwork.json
2023-05-21 20:45:36.0222|INFO|Sigmund|LaunchStartedEventCalled|line 127: Launch CameraPlugin Plugin Starting
2023-05-21 20:45:36.5546|INFO|Sigmund|RegisterPluginToNetwork|line 89: New plugin name CameraPlugin added to network.
2023-05-21 20:45:36.5694|INFO|Sigmund|LaunchStartedEventCalled|line 127: Launch Azure Blob Storage Plugin Starting
2023-05-21 20:45:37.0793|INFO|Sigmund|RegisterPluginToNetwork|line 89: New plugin name AzureBlobPlugin added to network.
2023-05-21 20:45:37.0987|INFO|Sigmund|LaunchStartedEventCalled|line 127: Launch Sheldon Vision Plugin Starting
2023-05-21 20:45:41.0478|INFO|Sigmund|RegisterPluginToNetwork|line 89: New plugin name SheldonVisionUiPlugin added to network.
2023-05-21 20:45:41.0626|INFO|Sigmund|LaunchDoneEventCalled|line 119: Launch Done
2023-05-21 20:45:46.7683|INFO|Sigmund|Stop|line 142: Starting Stop
2023-05-21 20:45:46.7683|INFO|Sigmund|AbortProcess|line 86: AbortProcess called
2023-05-21 20:45:46.7847|INFO|Sigmund|AbortDoneEventCalled|line 135: Abort Done!
2023-05-21 20:45:46.8154|INFO|Sigmund|CloseNetworkSoft|line 191: Soft Close network was called
2023-05-21 20:45:46.8154|INFO|Sigmund|CloseNetworkSoft|line 195: Sending close message to plugin AzureBlobPlugin
2023-05-21 20:45:46.8154|INFO|Sigmund|CloseNetworkSoft|line 195: Sending close message to plugin CameraPlugin
2023-05-21 20:45:46.8154|INFO|Sigmund|CloseNetworkSoft|line 195: Sending close message to plugin SheldonVisionUiPlugin
2023-05-21 20:45:46.8154|INFO|Sigmund|CloseNetworkHard|line 218: Hard Close network was called
2023-05-21 20:45:46.8256|INFO|Sigmund|StopPluginNotifyClose|line 191: Sending closing message
2023-05-21 20:45:47.5579|INFO|Sigmund|Start|line 120: Plugin Sigmund stopped
2023-05-21 20:45:47.5738|INFO|About to close Sigmund network
2023-05-21 20:45:47.5738|INFO|Sigmund|Stop|line 142: Starting Stop
2023-05-21 20:45:47.5738|INFO|Sigmund|AbortProcess|line 86: AbortProcess called
2023-05-21 20:45:47.5738|INFO|Sigmund|AbortDoneEventCalled|line 135: Abort Done!
2023-05-21 20:45:47.5738|INFO|Sigmund|StopPluginNotifyClose|line 191: Sending closing message
2023-05-21 20:45:47.5780|INFO|Sigmund core closed
