2023-05-21 20:58:52.7669|INFO|Sigmund|SetLoggerAsync|line 886: Starting Sigmund 
2023-05-21 20:58:52.8154|INFO|Sigmund|BeforeInit|line 91: Going to check if firewall rules are valid
2023-05-21 20:58:52.8479|INFO|Starting Sigmund proxy, IP: 10.60.248.195
2023-05-21 20:58:52.9996|INFO|Sigmund|LogAllUserOptions|line 1126: Plugin Sigmund 1.786.137.0 options: RegistrationAckTimeout: 0, PluginsToCloseAfter: , DisableTelemetry: False, Master: False, InputTypes: , OutputTypes: , MasterNumOfFramesToReq: 0, SubPort: 1234, RegistrationRetries: 0, PluginName: Sigmund, KeepAlivePort: 2468, PubPort: 5678
2023-05-21 20:58:57.8491|INFO|Sigmund|OnInit|line 119: Sigmund network initialize sequence begin
2023-05-21 20:58:57.8491|INFO|Sigmund|Start|line 109: Sigmund init Done!
2023-05-21 20:58:57.8491|INFO|Sigmund|RunProcess|line 55: Routing file path: C:\Tools\Sigmund\PluginSheldonVision\Networks\SheldonVisionUiNetwork.json
2023-05-21 20:58:57.9438|INFO|Sigmund|LaunchStartedEventCalled|line 127: Launch CameraPlugin Plugin Starting
2023-05-21 20:58:58.4816|INFO|Sigmund|RegisterPluginToNetwork|line 89: New plugin name CameraPlugin added to network.
2023-05-21 20:58:58.4816|INFO|Sigmund|LaunchStartedEventCalled|line 127: Launch Azure Blob Storage Plugin Starting
2023-05-21 20:58:59.0318|INFO|Sigmund|RegisterPluginToNetwork|line 89: New plugin name AzureBlobPlugin added to network.
2023-05-21 20:58:59.0484|INFO|Sigmund|LaunchStartedEventCalled|line 127: Launch Sheldon Vision Plugin Starting
2023-05-21 20:59:03.8718|INFO|Sigmund|RegisterPluginToNetwork|line 89: New plugin name SheldonVisionUiPlugin added to network.
2023-05-21 20:59:03.9074|INFO|Sigmund|LaunchDoneEventCalled|line 119: Launch Done
2023-05-21 21:02:47.9806|INFO|Sigmund|Stop|line 142: Starting Stop
2023-05-21 21:02:47.9937|INFO|Sigmund|AbortProcess|line 86: AbortProcess called
2023-05-21 21:02:48.0270|INFO|Sigmund|AbortDoneEventCalled|line 135: Abort Done!
2023-05-21 21:02:48.0771|INFO|Sigmund|CloseNetworkSoft|line 191: Soft Close network was called
2023-05-21 21:02:48.0798|INFO|Sigmund|CloseNetworkSoft|line 195: Sending close message to plugin CameraPlugin
2023-05-21 21:02:48.0798|INFO|Sigmund|CloseNetworkSoft|line 195: Sending close message to plugin SheldonVisionUiPlugin
2023-05-21 21:02:48.0798|INFO|Sigmund|CloseNetworkSoft|line 195: Sending close message to plugin AzureBlobPlugin
2023-05-21 21:02:48.0798|INFO|Sigmund|CloseNetworkHard|line 218: Hard Close network was called
2023-05-21 21:02:48.0798|INFO|Sigmund|StopPluginNotifyClose|line 191: Sending closing message
2023-05-21 21:02:48.0798|INFO|Sigmund|Start|line 120: Plugin Sigmund stopped
2023-05-21 21:02:48.1306|INFO|About to close Sigmund network
2023-05-21 21:02:48.1306|INFO|Sigmund|Stop|line 142: Starting Stop
2023-05-21 21:02:48.1306|INFO|Sigmund|AbortProcess|line 86: AbortProcess called
2023-05-21 21:02:48.1306|INFO|Sigmund|AbortDoneEventCalled|line 135: Abort Done!
2023-05-21 21:02:48.1306|INFO|Sigmund|StopPluginNotifyClose|line 191: Sending closing message
2023-05-21 21:02:48.1306|INFO|Sigmund core closed
